<?xml version="1.0" encoding="UTF-8"?>
<testng-results skipped="0" failed="0" total="1" passed="1">
  <reporter-output>
  </reporter-output>
  <suite name="Default suite" duration-ms="21499" started-at="2018-09-30T10:07:33Z" finished-at="2018-09-30T10:07:54Z">
    <groups>
    </groups>
    <test name="Default test" duration-ms="21499" started-at="2018-09-30T10:07:33Z" finished-at="2018-09-30T10:07:54Z">
      <class name="test.TestRunner">
        <test-method status="PASS" signature="before()[pri:0, instance:test.TestRunner@3cbbc1e0]" name="before" is-config="true" duration-ms="8662" started-at="2018-09-30T15:37:33Z" finished-at="2018-09-30T15:37:42Z">
          <reporter-output>
          </reporter-output>
        </test-method> <!-- before -->
        <test-method status="PASS" signature="Scenario1()[pri:0, instance:test.TestRunner@3cbbc1e0]" name="Scenario1" duration-ms="10980" started-at="2018-09-30T15:37:42Z" finished-at="2018-09-30T15:37:53Z">
          <reporter-output>
          </reporter-output>
        </test-method> <!-- Scenario1 -->
        <test-method status="PASS" signature="after()[pri:0, instance:test.TestRunner@3cbbc1e0]" name="after" is-config="true" duration-ms="1795" started-at="2018-09-30T15:37:53Z" finished-at="2018-09-30T15:37:54Z">
          <reporter-output>
          </reporter-output>
        </test-method> <!-- after -->
      </class> <!-- test.TestRunner -->
    </test> <!-- Default test -->
  </suite> <!-- Default suite -->
</testng-results>
