<?xml version="1.0" encoding="UTF-8"?>
<testng-results skipped="0" failed="0" total="1" passed="1">
  <reporter-output>
  </reporter-output>
  <suite name="Default suite" duration-ms="16314" started-at="2018-09-29T08:19:55Z" finished-at="2018-09-29T08:20:11Z">
    <groups>
    </groups>
    <test name="Default test" duration-ms="16314" started-at="2018-09-29T08:19:55Z" finished-at="2018-09-29T08:20:11Z">
      <class name="test.TestRunner">
        <test-method status="PASS" signature="before()[pri:0, instance:test.TestRunner@51081592]" name="before" is-config="true" duration-ms="3601" started-at="2018-09-29T13:49:55Z" finished-at="2018-09-29T13:49:58Z">
          <reporter-output>
          </reporter-output>
        </test-method> <!-- before -->
        <test-method status="PASS" signature="Scenario1()[pri:0, instance:test.TestRunner@51081592]" name="Scenario1" duration-ms="12095" started-at="2018-09-29T13:49:58Z" finished-at="2018-09-29T13:50:10Z">
          <reporter-output>
          </reporter-output>
        </test-method> <!-- Scenario1 -->
        <test-method status="PASS" signature="after()[pri:0, instance:test.TestRunner@51081592]" name="after" is-config="true" duration-ms="579" started-at="2018-09-29T13:50:10Z" finished-at="2018-09-29T13:50:11Z">
          <reporter-output>
          </reporter-output>
        </test-method> <!-- after -->
      </class> <!-- test.TestRunner -->
    </test> <!-- Default test -->
  </suite> <!-- Default suite -->
</testng-results>
